\BOOKMARK [0][-]{chapter*.1}{\376\377\000A\000P\000P\000R\000O\000V\000A\000L}{}% 1
\BOOKMARK [0][-]{chapter*.2}{\376\377\000S\000E\000L\000F\000\040\000D\000E\000C\000L\000A\000R\000A\000T\000I\000O\000N\000\040\000A\000G\000A\000I\000N\000S\000T\000\040\000P\000L\000A\000G\000I\000A\000R\000I\000S\000M}{}% 2
\BOOKMARK [0][-]{chapter*.3}{\376\377\000A\000B\000S\000T\000R\000A\000C\000T}{}% 3
\BOOKMARK [0][-]{chapter*.4}{\376\377\000A\000B\000S\000T\000R\000A\000K}{}% 4
\BOOKMARK [0][-]{chapter*.5}{\376\377\000D\000E\000D\000I\000C\000A\000T\000I\000O\000N}{}% 5
\BOOKMARK [0][-]{chapter*.6}{\376\377\000A\000C\000K\000N\000O\000W\000L\000E\000D\000G\000M\000E\000N\000T\000S}{}% 6
\BOOKMARK [0][-]{chapter*.7}{\376\377\000P\000R\000E\000F\000A\000C\000E}{}% 7
\BOOKMARK [0][-]{section*.8}{\376\377\000C\000O\000N\000T\000E\000N\000T\000S}{}% 8
\BOOKMARK [0][-]{section*.10}{\376\377\000L\000I\000S\000T\000\040\000O\000F\000\040\000T\000A\000B\000L\000E\000S}{}% 9
\BOOKMARK [0][-]{section*.12}{\376\377\000L\000I\000S\000T\000\040\000O\000F\000\040\000F\000I\000G\000U\000R\000E\000S}{}% 10
\BOOKMARK [0][-]{section*.14}{\376\377\000L\000I\000S\000T\000\040\000O\000F\000\040\000T\000E\000R\000M\000S}{}% 11
\BOOKMARK [0][-]{section*.15}{\376\377\000L\000I\000S\000T\000\040\000O\000F\000\040\000N\000O\000T\000A\000T\000I\000O\000N\000S}{}% 12
\BOOKMARK [0][-]{chapter.1}{\376\377\000I\000N\000T\000R\000O\000D\000U\000C\000T\000I\000O\000N}{}% 13
\BOOKMARK [1][-]{section.1.1}{\376\377\000R\000a\000t\000i\000o\000n\000a\000l\000e}{chapter.1}% 14
\BOOKMARK [1][-]{section.1.2}{\376\377\000T\000h\000e\000o\000r\000e\000t\000i\000c\000a\000l\000\040\000F\000r\000a\000m\000e\000w\000o\000r\000k}{chapter.1}% 15
\BOOKMARK [1][-]{section.1.3}{\376\377\000C\000o\000n\000c\000e\000p\000t\000u\000a\000l\000\040\000F\000r\000a\000m\000e\000w\000o\000r\000k\000/\000P\000a\000r\000a\000d\000i\000g\000m}{chapter.1}% 16
\BOOKMARK [1][-]{section.1.4}{\376\377\000S\000t\000a\000t\000e\000m\000e\000n\000t\000\040\000o\000f\000\040\000t\000h\000e\000\040\000P\000r\000o\000b\000l\000e\000m}{chapter.1}% 17
\BOOKMARK [1][-]{section.1.5}{\376\377\000O\000b\000j\000e\000c\000t\000i\000v\000e\000\040\000a\000n\000d\000\040\000H\000y\000p\000o\000t\000h\000e\000s\000e\000s}{chapter.1}% 18
\BOOKMARK [1][-]{section.1.6}{\376\377\000A\000s\000s\000u\000m\000p\000t\000i\000o\000n}{chapter.1}% 19
\BOOKMARK [1][-]{section.1.7}{\376\377\000S\000c\000o\000p\000e\000\040\000a\000n\000d\000\040\000D\000e\000l\000i\000m\000i\000t\000a\000t\000i\000o\000n}{chapter.1}% 20
\BOOKMARK [1][-]{section.1.8}{\376\377\000S\000i\000g\000n\000i\000f\000i\000c\000a\000n\000c\000e\000\040\000o\000f\000\040\000t\000h\000e\000\040\000S\000t\000u\000d\000y}{chapter.1}% 21
\BOOKMARK [0][-]{chapter.2}{\376\377\000R\000E\000V\000I\000E\000W\000\040\000O\000F\000\040\000L\000I\000T\000E\000R\000A\000T\000U\000R\000E\000\040\000A\000N\000D\000\040\000S\000T\000U\000D\000I\000E\000S}{}% 22
\BOOKMARK [1][-]{section.2.1}{\376\377\000R\000e\000l\000a\000t\000e\000d\000\040\000L\000i\000t\000e\000r\000a\000t\000u\000r\000e\000s}{chapter.2}% 23
\BOOKMARK [1][-]{section.2.2}{\376\377\000R\000e\000l\000a\000t\000e\000d\000\040\000S\000t\000u\000d\000i\000e\000s}{chapter.2}% 24
\BOOKMARK [0][-]{chapter.3}{\376\377\000R\000E\000S\000E\000A\000R\000C\000H\000\040\000M\000E\000T\000H\000O\000D\000O\000L\000O\000G\000Y}{}% 25
\BOOKMARK [1][-]{section.3.1}{\376\377\000R\000e\000s\000e\000a\000r\000c\000h\000\040\000D\000e\000s\000i\000g\000n}{chapter.3}% 26
\BOOKMARK [2][-]{subsection.3.1.1}{\376\377\000S\000y\000s\000t\000e\000m\000/\000p\000r\000o\000d\000u\000c\000t\000/\000m\000e\000t\000h\000o\000d\000\040\000I\000m\000p\000l\000e\000m\000e\000n\000t\000a\000t\000i\000o\000n}{section.3.1}% 27
\BOOKMARK [2][-]{subsection.3.1.2}{\376\377\000E\000x\000p\000e\000r\000i\000m\000e\000n\000t\000\040\000S\000c\000e\000n\000a\000r\000i\000o}{section.3.1}% 28
\BOOKMARK [3][-]{subsubsection.3.1.2.1}{\376\377\000T\000h\000i\000s\000\040\000i\000s\000\040\000a\000\040\000s\000u\000b\000s\000u\000b\000s\000e\000c\000t\000i\000o\000n}{subsection.3.1.2}% 29
\BOOKMARK [4][-]{subsubsubsection.3.1.2.1.1}{\376\377\000T\000h\000i\000s\000\040\000i\000s\000\040\000a\000\040\000s\000u\000b\000s\000u\000b\000s\000u\000b\000s\000e\000c\000t\000i\000o\000n}{subsubsection.3.1.2.1}% 30
\BOOKMARK [1][-]{section.3.2}{\376\377\000P\000o\000p\000u\000l\000a\000t\000i\000o\000n\000/\000S\000a\000m\000p\000l\000i\000n\000g}{chapter.3}% 31
\BOOKMARK [1][-]{section.3.3}{\376\377\000I\000n\000s\000t\000r\000u\000m\000e\000n\000t\000a\000t\000i\000o\000n\000\040\000a\000n\000d\000\040\000D\000a\000t\000a\000\040\000C\000o\000l\000l\000e\000c\000t\000i\000o\000n}{chapter.3}% 32
\BOOKMARK [1][-]{section.3.4}{\376\377\000T\000o\000o\000l\000s\000\040\000f\000o\000r\000\040\000D\000a\000t\000a\000\040\000A\000n\000a\000l\000y\000s\000i\000s}{chapter.3}% 33
\BOOKMARK [0][-]{chapter.4}{\376\377\000P\000R\000E\000S\000E\000N\000T\000A\000T\000I\000O\000N\000,\000\040\000A\000N\000A\000L\000Y\000S\000I\000S\000\040\000A\000N\000D\000\040\000I\000N\000T\000E\000R\000P\000R\000E\000T\000A\000T\000I\000O\000N\000\040\000O\000F\000\040\000D\000A\000T\000A}{}% 34
\BOOKMARK [1][-]{section.4.1}{\376\377\000P\000r\000e\000s\000e\000n\000t\000a\000t\000i\000o\000n\000\040\000o\000f\000\040\000D\000a\000t\000a}{chapter.4}% 35
\BOOKMARK [1][-]{section.4.2}{\376\377\000A\000n\000a\000l\000y\000s\000i\000s\000\040\000o\000f\000\040\000t\000h\000e\000\040\000D\000a\000t\000a}{chapter.4}% 36
\BOOKMARK [1][-]{section.4.3}{\376\377\000S\000u\000m\000m\000a\000r\000y\000\040\000o\000f\000\040\000F\000i\000n\000d\000i\000n\000g\000s}{chapter.4}% 37
\BOOKMARK [0][-]{chapter.5}{\376\377\000C\000O\000N\000C\000L\000U\000S\000I\000O\000N\000\040\000A\000N\000D\000\040\000R\000E\000C\000O\000M\000M\000E\000N\000D\000A\000T\000I\000O\000N\000S}{}% 38
\BOOKMARK [1][-]{section.5.1}{\376\377\000C\000o\000n\000c\000l\000u\000s\000i\000o\000n\000s}{chapter.5}% 39
\BOOKMARK [1][-]{section.5.2}{\376\377\000R\000e\000c\000o\000m\000m\000e\000n\000d\000a\000t\000i\000o\000n\000s}{chapter.5}% 40
\BOOKMARK [0][-]{section.5.2}{\376\377\000B\000I\000B\000L\000I\000O\000G\000R\000A\000P\000H\000Y}{}% 41
\BOOKMARK [0][-]{section*.17}{\376\377\000A\000p\000p\000e\000n\000d\000i\000c\000e\000s}{}% 42
\BOOKMARK [0][-]{appendix.A}{\376\377\000M\000I\000S\000C\000E\000L\000L\000A\000N\000E\000O\000U\000S}{}% 43
\BOOKMARK [1][-]{section.A.1}{\376\377\000E\000q\000u\000a\000t\000i\000o\000n\000\040\000\043\000e\000x\000a\000m\000p\000l\000e\000s}{appendix.A}% 44
\BOOKMARK [1][-]{section.A.2}{\376\377\000F\000i\000g\000u\000r\000e\000\040\000\043\000e\000x\000a\000m\000p\000l\000e\000s}{appendix.A}% 45
\BOOKMARK [1][-]{section.A.3}{\376\377\000T\000a\000b\000l\000e\000\040\000\043\000e\000x\000a\000m\000p\000l\000e\000s}{appendix.A}% 46
\BOOKMARK [0][-]{appendix.B}{\376\377\000C\000u\000r\000r\000i\000c\000u\000l\000u\000m\000\040\000V\000i\000t\000a\000e\000\040\000\043\000\040\000E\000x\000a\000m\000p\000l\000e}{}% 47
